<?xml version="1.0" encoding="UTF-8"?>
<!-- Generated by org.testng.reporters.JUnitReportReporter -->
<testsuite skipped="0" hostname="LAPTOP-BEH7AS9R" name="test.TestActitimeLogin" tests="1" failures="0" timestamp="12 Aug 2020 06:09:10 GMT" time="7.384" errors="0">
  <testcase name="TestLogin" time="7.384" classname="test.TestActitimeLogin"/>
</testsuite> <!-- test.TestActitimeLogin -->
